[Sat Nov 28 2015 16:44:38 GMT+0900 (東京 (標準時))] INFO 42
[Sat Nov 28 2015 16:44:53 GMT+0900 (東京 (標準時))] INFO 12
[Sat Nov 28 2015 16:52:12 GMT+0900 (東京 (標準時))] INFO 54
[Sat Nov 28 2015 16:52:17 GMT+0900 (東京 (標準時))] DEBUG 51
[Sat Nov 28 2015 16:52:26 GMT+0900 (東京 (標準時))] INFO 42
[Sat Nov 28 2015 16:52:30 GMT+0900 (東京 (標準時))] INFO 32
[Sat Nov 28 2015 17:20:29 GMT+0900 (東京 (標準時))] INFO 32
[Sat Nov 28 2015 17:22:29 GMT+0900 (東京 (標準時))] INFO 32
[Sat Nov 28 2015 17:40:11 GMT+0900 (東京 (標準時))] Heat 32
[Sat Nov 28 2015 17:40:22 GMT+0900 (東京 (標準時))] Heat 42
[Sat Nov 28 2015 17:41:09 GMT+0900 (東京 (標準時))] Frozen -1
[Sat Nov 28 2015 17:42:15 GMT+0900 (東京 (標準時))] Frozen 0
[Sat Nov 28 2015 17:42:19 GMT+0900 (東京 (標準時))] Fire 101
[Sat Nov 28 2015 17:42:24 GMT+0900 (東京 (標準時))] Safe 22
[Sat Nov 28 2015 17:42:28 GMT+0900 (東京 (標準時))] Heat 34
[Sat Nov 28 2015 18:26:25 GMT+0900 (東京 (標準時))] Heat 34
[Sun Nov 29 2015 09:18:35 GMT+0900 (東京 (標準時))] Frozen 0
[Sun Nov 29 2015 09:20:34 GMT+0900 (東京 (標準時))] Frozen 0
[Sun Nov 29 2015 09:37:12 GMT+0900 (東京 (標準時))] Safe 1
[Sun Nov 29 2015 09:39:11 GMT+0900 (東京 (標準時))] Safe 1
[Sun Nov 29 2015 09:41:11 GMT+0900 (東京 (標準時))] Safe 1
[Sun Nov 29 2015 09:43:54 GMT+0900 (東京 (標準時))] Safe 1
[Sun Nov 29 2015 10:27:17 GMT+0900 (東京 (標準時))] Safe 1
[Sun Nov 29 2015 10:29:47 GMT+0900 (東京 (標準時))] Safe 1
[Sun Nov 29 2015 11:37:25 GMT+0900 (東京 (標準時))] Frozen 0
[Sun Nov 29 2015 11:38:34 GMT+0900 (東京 (標準時))] Frozen 0
